<?xml version="1.0" encoding="UTF-8"?>
<!-- Generated by org.testng.reporters.JUnitXMLReporter -->
<testsuite ignored="0" hostname="Dodo" failures="0" tests="3" name="Test" time="71.054" errors="0" timestamp="2025-01-17T01:09:12 IST">
  <testcase classname="com.CalleyTeamsFullSetup.LoginPage" name="f" time="10.564"/>
  <testcase classname="com.CalleyTeamsFullSetup.AgentPage" name="f" time="15.381"/>
  <testcase classname="com.CalleyTeamsFullSetup.CSVUploadPage" name="f" time="36.674"/>
</testsuite> <!-- Test -->
