<?xml version="1.0" encoding="UTF-8"?>
<testng-results ignored="0" total="3" passed="3" failed="0" skipped="0">
  <reporter-output>
  </reporter-output>
  <suite started-at="2025-01-17T01:08:01 IST" name="Suite" finished-at="2025-01-17T01:09:12 IST" duration-ms="71054">
    <groups>
    </groups>
    <test started-at="2025-01-17T01:08:01 IST" name="Test" finished-at="2025-01-17T01:09:12 IST" duration-ms="71054">
      <class name="com.CalleyTeamsFullSetup.LoginPage">
        <test-method is-config="true" signature="beforeMethod()[pri:0, instance:com.CalleyTeamsFullSetup.LoginPage@3c407114]" started-at="2025-01-17T01:08:01 IST" name="beforeMethod" finished-at="2025-01-17T01:08:02 IST" duration-ms="997" status="PASS">
          <reporter-output>
          </reporter-output>
        </test-method> <!-- beforeMethod -->
        <test-method signature="f(java.lang.String,java.lang.String)[pri:0, instance:com.CalleyTeamsFullSetup.LoginPage@3c407114]" started-at="2025-01-17T01:08:02 IST" name="f" finished-at="2025-01-17T01:08:12 IST" duration-ms="10564" status="PASS">
          <params>
            <param index="0">
              <value>
                <![CDATA[Biswadipsaha503@gmail.com]]>
              </value>
            </param>
            <param index="1">
              <value>
                <![CDATA[1234@qwer]]>
              </value>
            </param>
          </params>
          <reporter-output>
          </reporter-output>
        </test-method> <!-- f -->
        <test-method is-config="true" signature="After()[pri:0, instance:com.CalleyTeamsFullSetup.LoginPage@3c407114]" started-at="2025-01-17T01:08:12 IST" name="After" finished-at="2025-01-17T01:08:18 IST" duration-ms="6005" status="PASS">
          <reporter-output>
          </reporter-output>
        </test-method> <!-- After -->
      </class> <!-- com.CalleyTeamsFullSetup.LoginPage -->
      <class name="com.CalleyTeamsFullSetup.AgentPage">
        <test-method is-config="true" signature="beforeMethod()[pri:0, instance:com.CalleyTeamsFullSetup.AgentPage@6c80d78a]" started-at="2025-01-17T01:08:18 IST" name="beforeMethod" finished-at="2025-01-17T01:08:19 IST" duration-ms="596" status="PASS">
          <reporter-output>
          </reporter-output>
        </test-method> <!-- beforeMethod -->
        <test-method signature="f(java.lang.String,java.lang.String,java.lang.String,java.lang.String,java.lang.String,java.lang.String)[pri:0, instance:com.CalleyTeamsFullSetup.AgentPage@6c80d78a]" started-at="2025-01-17T01:08:19 IST" name="f" finished-at="2025-01-17T01:08:34 IST" duration-ms="15381" status="PASS">
          <params>
            <param index="0">
              <value>
                <![CDATA[Biswadipsaha503@gmail.com]]>
              </value>
            </param>
            <param index="1">
              <value>
                <![CDATA[1234@qwer]]>
              </value>
            </param>
            <param index="2">
              <value>
                <![CDATA[fds]]>
              </value>
            </param>
            <param index="3">
              <value>
                <![CDATA[222d342434]]>
              </value>
            </param>
            <param index="4">
              <value>
                <![CDATA[ns@gmail.com]]>
              </value>
            </param>
            <param index="5">
              <value>
                <![CDATA[1234s@qwer]]>
              </value>
            </param>
          </params>
          <reporter-output>
          </reporter-output>
        </test-method> <!-- f -->
      </class> <!-- com.CalleyTeamsFullSetup.AgentPage -->
      <class name="com.CalleyTeamsFullSetup.CSVUploadPage">
        <test-method is-config="true" signature="beforeMethod()[pri:0, instance:com.CalleyTeamsFullSetup.CSVUploadPage@62150f9e]" started-at="2025-01-17T01:08:34 IST" name="beforeMethod" finished-at="2025-01-17T01:08:35 IST" duration-ms="628" status="PASS">
          <reporter-output>
          </reporter-output>
        </test-method> <!-- beforeMethod -->
        <test-method signature="f(java.lang.String,java.lang.String)[pri:0, instance:com.CalleyTeamsFullSetup.CSVUploadPage@62150f9e]" started-at="2025-01-17T01:08:35 IST" name="f" finished-at="2025-01-17T01:09:12 IST" duration-ms="36674" status="PASS">
          <params>
            <param index="0">
              <value>
                <![CDATA[Biswadipsaha503@gmail.com]]>
              </value>
            </param>
            <param index="1">
              <value>
                <![CDATA[1234@qwer]]>
              </value>
            </param>
          </params>
          <reporter-output>
          </reporter-output>
        </test-method> <!-- f -->
        <test-method is-config="true" signature="afterMethod()[pri:0, instance:com.CalleyTeamsFullSetup.CSVUploadPage@62150f9e]" started-at="2025-01-17T01:09:12 IST" name="afterMethod" finished-at="2025-01-17T01:09:12 IST" duration-ms="182" status="PASS">
          <reporter-output>
          </reporter-output>
        </test-method> <!-- afterMethod -->
      </class> <!-- com.CalleyTeamsFullSetup.CSVUploadPage -->
    </test> <!-- Test -->
  </suite> <!-- Suite -->
</testng-results>
